<?xml version="1.0" encoding="UTF-8"?>
<testng-results skipped="0" failed="0" ignored="0" total="1" passed="1">
  <reporter-output>
  </reporter-output>
  <suite name="All Test Suite" duration-ms="1762" started-at="2021-11-27T08:18:26Z" finished-at="2021-11-27T08:18:28Z">
    <groups>
    </groups>
    <test name="C:/Users/T490S/IdeaProjects/maventest" duration-ms="1762" started-at="2021-11-27T08:18:26Z" finished-at="2021-11-27T08:18:28Z">
      <class name="com.maventest.Mtest">
        <test-method status="PASS" signature="testAdd()[pri:0, instance:com.maventest.Mtest@3afae281]" name="testAdd" duration-ms="1683" started-at="2021-11-27T16:18:26Z" finished-at="2021-11-27T16:18:28Z">
          <reporter-output>
          </reporter-output>
        </test-method> <!-- testAdd -->
      </class> <!-- com.maventest.Mtest -->
    </test> <!-- C:/Users/T490S/IdeaProjects/maventest -->
  </suite> <!-- All Test Suite -->
</testng-results>
